::1 - - [29/Aug/2019:14:28:00 +0000] "GET /hiperledgerDemo/v1/accounts/list HTTP/1.1" 200 51 "http://localhost:8080/" "Mozilla/5.0 (Windows NT 6.1; Win64; x64) AppleWebKit/537.36 (KHTML, like Gecko) Chrome/76.0.3809.100 Safari/537.36"
::1 - - [29/Aug/2019:14:28:12 +0000] "GET /hiperledgerDemo/v1/init HTTP/1.1" 304 - "http://localhost:8080/" "Mozilla/5.0 (Windows NT 6.1; Win64; x64) AppleWebKit/537.36 (KHTML, like Gecko) Chrome/76.0.3809.100 Safari/537.36"
::1 - - [29/Aug/2019:14:28:18 +0000] "GET /hiperledgerDemo/v1/accounts/list HTTP/1.1" 200 100 "http://localhost:8080/" "Mozilla/5.0 (Windows NT 6.1; Win64; x64) AppleWebKit/537.36 (KHTML, like Gecko) Chrome/76.0.3809.100 Safari/537.36"
::1 - - [29/Aug/2019:14:29:59 +0000] "GET /hiperledgerDemo/v1/accounts/list HTTP/1.1" 200 51 "http://localhost:8080/" "Mozilla/5.0 (Windows NT 6.1; Win64; x64) AppleWebKit/537.36 (KHTML, like Gecko) Chrome/76.0.3809.100 Safari/537.36"
::1 - - [29/Aug/2019:14:35:55 +0000] "GET /hiperledgerDemo/v1/disconnect HTTP/1.1" 200 52 "http://localhost:8080/" "Mozilla/5.0 (Windows NT 6.1; Win64; x64) AppleWebKit/537.36 (KHTML, like Gecko) Chrome/76.0.3809.100 Safari/537.36"
::1 - - [30/Sep/2019:11:51:37 +0000] "GET /ping HTTP/1.1" 200 15 "-" "Mozilla/5.0 (Windows NT 6.1; Win64; x64) AppleWebKit/537.36 (KHTML, like Gecko) Chrome/77.0.3865.90 Safari/537.36"
::1 - - [30/Sep/2019:11:51:38 +0000] "GET /favicon.ico HTTP/1.1" 404 150 "http://localhost:8081/ping" "Mozilla/5.0 (Windows NT 6.1; Win64; x64) AppleWebKit/537.36 (KHTML, like Gecko) Chrome/77.0.3865.90 Safari/537.36"
::1 - - [30/Sep/2019:11:57:45 +0000] "GET /init HTTP/1.1" 200 23 "-" "Mozilla/5.0 (Windows NT 6.1; Win64; x64) AppleWebKit/537.36 (KHTML, like Gecko) Chrome/77.0.3865.90 Safari/537.36"
::1 - - [30/Sep/2019:11:59:31 +0000] "GET /init HTTP/1.1" 304 - "-" "Mozilla/5.0 (Windows NT 6.1; Win64; x64) AppleWebKit/537.36 (KHTML, like Gecko) Chrome/77.0.3865.90 Safari/537.36"
::1 - - [30/Sep/2019:12:00:54 +0000] "GET /init HTTP/1.1" 304 - "-" "Mozilla/5.0 (Windows NT 6.1; Win64; x64) AppleWebKit/537.36 (KHTML, like Gecko) Chrome/77.0.3865.90 Safari/537.36"
::1 - - [30/Sep/2019:12:03:18 +0000] "GET /init HTTP/1.1" 304 - "-" "Mozilla/5.0 (Windows NT 6.1; Win64; x64) AppleWebKit/537.36 (KHTML, like Gecko) Chrome/77.0.3865.90 Safari/537.36"
::1 - - [30/Sep/2019:12:05:24 +0000] "GET /init HTTP/1.1" 304 - "-" "Mozilla/5.0 (Windows NT 6.1; Win64; x64) AppleWebKit/537.36 (KHTML, like Gecko) Chrome/77.0.3865.90 Safari/537.36"
::1 - - [30/Sep/2019:12:05:51 +0000] "GET /init HTTP/1.1" 304 - "-" "Mozilla/5.0 (Windows NT 6.1; Win64; x64) AppleWebKit/537.36 (KHTML, like Gecko) Chrome/77.0.3865.90 Safari/537.36"
::1 - - [30/Sep/2019:12:06:17 +0000] "GET /init HTTP/1.1" 200 28 "-" "Mozilla/5.0 (Windows NT 6.1; Win64; x64) AppleWebKit/537.36 (KHTML, like Gecko) Chrome/77.0.3865.90 Safari/537.36"
::1 - - [30/Sep/2019:12:07:27 +0000] "GET /init HTTP/1.1" 304 - "-" "Mozilla/5.0 (Windows NT 6.1; Win64; x64) AppleWebKit/537.36 (KHTML, like Gecko) Chrome/77.0.3865.90 Safari/537.36"
::1 - - [30/Sep/2019:12:07:40 +0000] "GET /publish HTTP/1.1" 200 31 "-" "Mozilla/5.0 (Windows NT 6.1; Win64; x64) AppleWebKit/537.36 (KHTML, like Gecko) Chrome/77.0.3865.90 Safari/537.36"
::1 - - [30/Sep/2019:13:05:12 +0000] "GET /publish?pressure=765 HTTP/1.1" 200 38 "-" "Mozilla/5.0 (Windows NT 6.1; Win64; x64) AppleWebKit/537.36 (KHTML, like Gecko) Chrome/77.0.3865.90 Safari/537.36"
::1 - - [30/Sep/2019:13:05:56 +0000] "GET /publish?pressure=765&temperature=17 HTTP/1.1" 200 38 "-" "Mozilla/5.0 (Windows NT 6.1; Win64; x64) AppleWebKit/537.36 (KHTML, like Gecko) Chrome/77.0.3865.90 Safari/537.36"
::1 - - [30/Sep/2019:13:06:17 +0000] "GET /publish?pressure=765&temperature=17&humidity=45 HTTP/1.1" 200 38 "-" "Mozilla/5.0 (Windows NT 6.1; Win64; x64) AppleWebKit/537.36 (KHTML, like Gecko) Chrome/77.0.3865.90 Safari/537.36"
::1 - - [30/Sep/2019:13:08:20 +0000] "GET /publish?pressure=765&temperature=17&humidity=45 HTTP/1.1" 304 - "-" "Mozilla/5.0 (Windows NT 6.1; Win64; x64) AppleWebKit/537.36 (KHTML, like Gecko) Chrome/77.0.3865.90 Safari/537.36"
::1 - - [30/Sep/2019:13:38:45 +0000] "GET /publish?temperature=1&pressure=3&humidity=2 HTTP/1.1" 200 38 "http://localhost:8080/" "Mozilla/5.0 (Windows NT 6.1; Win64; x64) AppleWebKit/537.36 (KHTML, like Gecko) Chrome/77.0.3865.90 Safari/537.36"
::1 - - [30/Sep/2019:13:45:35 +0000] "GET /publish HTTP/1.1" 200 38 "http://localhost:8080/" "Mozilla/5.0 (Windows NT 6.1; Win64; x64) AppleWebKit/537.36 (KHTML, like Gecko) Chrome/77.0.3865.90 Safari/537.36"
::1 - - [30/Sep/2019:13:45:44 +0000] "GET /publish?temperature=1&pressure=1&humidity=1 HTTP/1.1" 200 38 "http://localhost:8080/" "Mozilla/5.0 (Windows NT 6.1; Win64; x64) AppleWebKit/537.36 (KHTML, like Gecko) Chrome/77.0.3865.90 Safari/537.36"
::1 - - [30/Sep/2019:13:46:26 +0000] "GET /init HTTP/1.1" 304 - "http://localhost:8080/" "Mozilla/5.0 (Windows NT 6.1; Win64; x64) AppleWebKit/537.36 (KHTML, like Gecko) Chrome/77.0.3865.90 Safari/537.36"
::1 - - [30/Sep/2019:13:46:46 +0000] "GET /publish HTTP/1.1" 200 31 "http://localhost:8080/" "Mozilla/5.0 (Windows NT 6.1; Win64; x64) AppleWebKit/537.36 (KHTML, like Gecko) Chrome/77.0.3865.90 Safari/537.36"
::1 - - [30/Sep/2019:13:53:50 +0000] "GET /init HTTP/1.1" 304 - "http://localhost:8080/" "Mozilla/5.0 (Windows NT 6.1; Win64; x64) AppleWebKit/537.36 (KHTML, like Gecko) Chrome/77.0.3865.90 Safari/537.36"
::1 - - [30/Sep/2019:13:54:52 +0000] "GET /publish?temperature=23&pressure=787&humidity=65 HTTP/1.1" 200 31 "http://localhost:8080/" "Mozilla/5.0 (Windows NT 6.1; Win64; x64) AppleWebKit/537.36 (KHTML, like Gecko) Chrome/77.0.3865.90 Safari/537.36"
